{"/home/rmjoia/projects/codepalsio/api/src/__tests__/test-utils.js": {"path":"/home/rmjoia/projects/codepalsio/api/src/__tests__/test-utils.js","statementMap":{"0":{"start":{"line":1,"column":25},"end":{"line":1,"column":49}},"1":{"start":{"line":8,"column":4},"end":{"line":8,"column":21}},"2":{"start":{"line":9,"column":4},"end":{"line":9,"column":24}},"3":{"start":{"line":10,"column":4},"end":{"line":10,"column":27}},"4":{"start":{"line":14,"column":4},"end":{"line":14,"column":21}},"5":{"start":{"line":17,"column":10},"end":{"line":19,"column":3}},"6":{"start":{"line":18,"column":18},"end":{"line":18,"column":42}},"7":{"start":{"line":21,"column":12},"end":{"line":23,"column":3}},"8":{"start":{"line":22,"column":18},"end":{"line":22,"column":43}},"9":{"start":{"line":27,"column":9},"end":{"line":27,"column":11}},"10":{"start":{"line":30,"column":4},"end":{"line":30,"column":35}},"11":{"start":{"line":38,"column":2},"end":{"line":60,"column":4}},"12":{"start":{"line":39,"column":33},"end":{"line":50,"column":5}},"13":{"start":{"line":41,"column":8},"end":{"line":43,"column":9}},"14":{"start":{"line":42,"column":10},"end":{"line":42,"column":49}},"15":{"start":{"line":44,"column":8},"end":{"line":44,"column":42}},"16":{"start":{"line":47,"column":8},"end":{"line":47,"column":32}},"17":{"start":{"line":48,"column":8},"end":{"line":48,"column":33}},"18":{"start":{"line":53,"column":8},"end":{"line":53,"column":36}},"19":{"start":{"line":54,"column":8},"end":{"line":54,"column":33}},"20":{"start":{"line":56,"column":20},"end":{"line":58,"column":7}},"21":{"start":{"line":57,"column":31},"end":{"line":57,"column":48}},"22":{"start":{"line":63,"column":0},"end":{"line":67,"column":2}}},"fnMap":{"0":{"name":"(anonymous_0)","decl":{"start":{"line":7,"column":2},"end":{"line":7,"column":3}},"loc":{"start":{"line":7,"column":51},"end":{"line":11,"column":3}},"line":7},"1":{"name":"(anonymous_1)","decl":{"start":{"line":13,"column":2},"end":{"line":13,"column":3}},"loc":{"start":{"line":13,"column":15},"end":{"line":15,"column":3}},"line":13},"2":{"name":"(anonymous_2)","decl":{"start":{"line":18,"column":9},"end":{"line":18,"column":10}},"loc":{"start":{"line":18,"column":18},"end":{"line":18,"column":42}},"line":18},"3":{"name":"(anonymous_3)","decl":{"start":{"line":22,"column":9},"end":{"line":22,"column":10}},"loc":{"start":{"line":22,"column":18},"end":{"line":22,"column":43}},"line":22},"4":{"name":"(anonymous_4)","decl":{"start":{"line":29,"column":2},"end":{"line":29,"column":3}},"loc":{"start":{"line":29,"column":15},"end":{"line":31,"column":3}},"line":29},"5":{"name":"createMockContainer","decl":{"start":{"line":37,"column":9},"end":{"line":37,"column":28}},"loc":{"start":{"line":37,"column":49},"end":{"line":61,"column":1}},"line":37},"6":{"name":"(anonymous_6)","decl":{"start":{"line":39,"column":10},"end":{"line":39,"column":11}},"loc":{"start":{"line":39,"column":33},"end":{"line":50,"column":5}},"line":39},"7":{"name":"(anonymous_7)","decl":{"start":{"line":40,"column":12},"end":{"line":40,"column":13}},"loc":{"start":{"line":40,"column":24},"end":{"line":45,"column":7}},"line":40},"8":{"name":"(anonymous_8)","decl":{"start":{"line":46,"column":15},"end":{"line":46,"column":16}},"loc":{"start":{"line":46,"column":30},"end":{"line":49,"column":7}},"line":46},"9":{"name":"(anonymous_9)","decl":{"start":{"line":52,"column":14},"end":{"line":52,"column":15}},"loc":{"start":{"line":52,"column":29},"end":{"line":55,"column":7}},"line":52},"10":{"name":"(anonymous_10)","decl":{"start":{"line":56,"column":13},"end":{"line":56,"column":14}},"loc":{"start":{"line":56,"column":20},"end":{"line":58,"column":7}},"line":56},"11":{"name":"(anonymous_11)","decl":{"start":{"line":57,"column":18},"end":{"line":57,"column":19}},"loc":{"start":{"line":57,"column":31},"end":{"line":57,"column":48}},"line":57}},"branchMap":{"0":{"loc":{"start":{"line":7,"column":14},"end":{"line":7,"column":23}},"type":"default-arg","locations":[{"start":{"line":7,"column":21},"end":{"line":7,"column":23}}],"line":7},"1":{"loc":{"start":{"line":7,"column":25},"end":{"line":7,"column":35}},"type":"default-arg","locations":[{"start":{"line":7,"column":33},"end":{"line":7,"column":35}}],"line":7},"2":{"loc":{"start":{"line":7,"column":37},"end":{"line":7,"column":49}},"type":"default-arg","locations":[{"start":{"line":7,"column":47},"end":{"line":7,"column":49}}],"line":7},"3":{"loc":{"start":{"line":18,"column":18},"end":{"line":18,"column":42}},"type":"binary-expr","locations":[{"start":{"line":18,"column":18},"end":{"line":18,"column":34}},{"start":{"line":18,"column":38},"end":{"line":18,"column":42}}],"line":18},"4":{"loc":{"start":{"line":22,"column":18},"end":{"line":22,"column":43}},"type":"binary-expr","locations":[{"start":{"line":22,"column":18},"end":{"line":22,"column":35}},{"start":{"line":22,"column":39},"end":{"line":22,"column":43}}],"line":22},"5":{"loc":{"start":{"line":37,"column":29},"end":{"line":37,"column":47}},"type":"default-arg","locations":[{"start":{"line":37,"column":45},"end":{"line":37,"column":47}}],"line":37},"6":{"loc":{"start":{"line":41,"column":8},"end":{"line":43,"column":9}},"type":"if","locations":[{"start":{"line":41,"column":8},"end":{"line":43,"column":9}},{"start":{},"end":{}}],"line":41}},"s":{"0":1,"1":8,"2":8,"3":8,"4":0,"5":8,"6":8,"7":8,"8":0,"9":8,"10":8,"11":0,"12":0,"13":0,"14":0,"15":0,"16":0,"17":0,"18":0,"19":0,"20":0,"21":0,"22":1},"f":{"0":8,"1":0,"2":8,"3":0,"4":8,"5":0,"6":0,"7":0,"8":0,"9":0,"10":0,"11":0},"b":{"0":[0],"1":[0],"2":[8],"3":[8,1],"4":[0,0],"5":[0],"6":[0,0]},"_coverageSchema":"1a1c01bbd47fc00a2c39e90264f33305004495a9","hash":"7ef467b721fdcdf19b9667c878c52a2c844c09aa"}
,"/home/rmjoia/projects/codepalsio/api/src/functions/acceptTerms.js": {"path":"/home/rmjoia/projects/codepalsio/api/src/functions/acceptTerms.js","statementMap":{"0":{"start":{"line":1,"column":16},"end":{"line":1,"column":43}},"1":{"start":{"line":2,"column":25},"end":{"line":2,"column":49}},"2":{"start":{"line":8,"column":0},"end":{"line":64,"column":3}},"3":{"start":{"line":13,"column":8},"end":{"line":62,"column":9}},"4":{"start":{"line":14,"column":37},"end":{"line":14,"column":76}},"5":{"start":{"line":15,"column":29},"end":{"line":15,"column":64}},"6":{"start":{"line":17,"column":12},"end":{"line":22,"column":13}},"7":{"start":{"line":18,"column":16},"end":{"line":21,"column":18}},"8":{"start":{"line":24,"column":25},"end":{"line":24,"column":45}},"9":{"start":{"line":25,"column":31},"end":{"line":25,"column":35}},"10":{"start":{"line":27,"column":12},"end":{"line":32,"column":13}},"11":{"start":{"line":28,"column":16},"end":{"line":31,"column":18}},"12":{"start":{"line":34,"column":27},"end":{"line":34,"column":61}},"13":{"start":{"line":35,"column":30},"end":{"line":35,"column":74}},"14":{"start":{"line":37,"column":12},"end":{"line":55,"column":13}},"15":{"start":{"line":38,"column":37},"end":{"line":38,"column":80}},"16":{"start":{"line":39,"column":36},"end":{"line":43,"column":17}},"17":{"start":{"line":44,"column":16},"end":{"line":44,"column":74}},"18":{"start":{"line":46,"column":16},"end":{"line":49,"column":18}},"19":{"start":{"line":51,"column":16},"end":{"line":54,"column":18}},"20":{"start":{"line":57,"column":12},"end":{"line":57,"column":41}},"21":{"start":{"line":58,"column":12},"end":{"line":61,"column":14}}},"fnMap":{"0":{"name":"(anonymous_0)","decl":{"start":{"line":12,"column":13},"end":{"line":12,"column":14}},"loc":{"start":{"line":12,"column":41},"end":{"line":63,"column":5}},"line":12}},"branchMap":{"0":{"loc":{"start":{"line":17,"column":12},"end":{"line":22,"column":13}},"type":"if","locations":[{"start":{"line":17,"column":12},"end":{"line":22,"column":13}},{"start":{},"end":{}}],"line":17},"1":{"loc":{"start":{"line":17,"column":16},"end":{"line":17,"column":46}},"type":"binary-expr","locations":[{"start":{"line":17,"column":16},"end":{"line":17,"column":33}},{"start":{"line":17,"column":37},"end":{"line":17,"column":46}}],"line":17},"2":{"loc":{"start":{"line":27,"column":12},"end":{"line":32,"column":13}},"type":"if","locations":[{"start":{"line":27,"column":12},"end":{"line":32,"column":13}},{"start":{},"end":{}}],"line":27}},"s":{"0":0,"1":0,"2":0,"3":0,"4":0,"5":0,"6":0,"7":0,"8":0,"9":0,"10":0,"11":0,"12":0,"13":0,"14":0,"15":0,"16":0,"17":0,"18":0,"19":0,"20":0,"21":0},"f":{"0":0},"b":{"0":[0,0],"1":[0,0],"2":[0,0]}}
,"/home/rmjoia/projects/codepalsio/api/src/functions/authUser.js": {"path":"/home/rmjoia/projects/codepalsio/api/src/functions/authUser.js","statementMap":{"0":{"start":{"line":1,"column":16},"end":{"line":1,"column":43}},"1":{"start":{"line":2,"column":25},"end":{"line":2,"column":49}},"2":{"start":{"line":4,"column":0},"end":{"line":67,"column":3}},"3":{"start":{"line":9,"column":8},"end":{"line":65,"column":9}},"4":{"start":{"line":10,"column":37},"end":{"line":10,"column":76}},"5":{"start":{"line":11,"column":29},"end":{"line":11,"column":64}},"6":{"start":{"line":13,"column":12},"end":{"line":18,"column":13}},"7":{"start":{"line":14,"column":16},"end":{"line":17,"column":18}},"8":{"start":{"line":20,"column":25},"end":{"line":20,"column":45}},"9":{"start":{"line":21,"column":52},"end":{"line":21,"column":56}},"10":{"start":{"line":23,"column":12},"end":{"line":28,"column":13}},"11":{"start":{"line":24,"column":16},"end":{"line":27,"column":18}},"12":{"start":{"line":30,"column":27},"end":{"line":30,"column":61}},"13":{"start":{"line":31,"column":30},"end":{"line":31,"column":74}},"14":{"start":{"line":33,"column":28},"end":{"line":33,"column":33}},"15":{"start":{"line":34,"column":26},"end":{"line":42,"column":13}},"16":{"start":{"line":44,"column":12},"end":{"line":53,"column":13}},"17":{"start":{"line":45,"column":37},"end":{"line":45,"column":80}},"18":{"start":{"line":47,"column":16},"end":{"line":47,"column":67}},"19":{"start":{"line":48,"column":16},"end":{"line":48,"column":70}},"20":{"start":{"line":51,"column":16},"end":{"line":51,"column":33}},"21":{"start":{"line":52,"column":16},"end":{"line":52,"column":54}},"22":{"start":{"line":55,"column":12},"end":{"line":58,"column":14}},"23":{"start":{"line":60,"column":12},"end":{"line":60,"column":41}},"24":{"start":{"line":61,"column":12},"end":{"line":64,"column":14}}},"fnMap":{"0":{"name":"(anonymous_0)","decl":{"start":{"line":8,"column":13},"end":{"line":8,"column":14}},"loc":{"start":{"line":8,"column":41},"end":{"line":66,"column":5}},"line":8}},"branchMap":{"0":{"loc":{"start":{"line":13,"column":12},"end":{"line":18,"column":13}},"type":"if","locations":[{"start":{"line":13,"column":12},"end":{"line":18,"column":13}},{"start":{},"end":{}}],"line":13},"1":{"loc":{"start":{"line":13,"column":16},"end":{"line":13,"column":46}},"type":"binary-expr","locations":[{"start":{"line":13,"column":16},"end":{"line":13,"column":33}},{"start":{"line":13,"column":37},"end":{"line":13,"column":46}}],"line":13},"2":{"loc":{"start":{"line":23,"column":12},"end":{"line":28,"column":13}},"type":"if","locations":[{"start":{"line":23,"column":12},"end":{"line":28,"column":13}},{"start":{},"end":{}}],"line":23},"3":{"loc":{"start":{"line":23,"column":16},"end":{"line":23,"column":36}},"type":"binary-expr","locations":[{"start":{"line":23,"column":16},"end":{"line":23,"column":23}},{"start":{"line":23,"column":27},"end":{"line":23,"column":36}}],"line":23}},"s":{"0":0,"1":0,"2":0,"3":0,"4":0,"5":0,"6":0,"7":0,"8":0,"9":0,"10":0,"11":0,"12":0,"13":0,"14":0,"15":0,"16":0,"17":0,"18":0,"19":0,"20":0,"21":0,"22":0,"23":0,"24":0},"f":{"0":0},"b":{"0":[0,0],"1":[0,0],"2":[0,0],"3":[0,0]}}
,"/home/rmjoia/projects/codepalsio/api/src/functions/profileGet.js": {"path":"/home/rmjoia/projects/codepalsio/api/src/functions/profileGet.js","statementMap":{"0":{"start":{"line":1,"column":16},"end":{"line":1,"column":43}},"1":{"start":{"line":2,"column":25},"end":{"line":2,"column":49}},"2":{"start":{"line":8,"column":0},"end":{"line":75,"column":3}},"3":{"start":{"line":13,"column":8},"end":{"line":73,"column":9}},"4":{"start":{"line":15,"column":27},"end":{"line":15,"column":54}},"5":{"start":{"line":16,"column":39},"end":{"line":16,"column":83}},"6":{"start":{"line":18,"column":31},"end":{"line":18,"column":37}},"7":{"start":{"line":19,"column":12},"end":{"line":27,"column":13}},"8":{"start":{"line":20,"column":16},"end":{"line":26,"column":17}},"9":{"start":{"line":21,"column":36},"end":{"line":21,"column":95}},"10":{"start":{"line":22,"column":38},"end":{"line":22,"column":57}},"11":{"start":{"line":23,"column":20},"end":{"line":23,"column":52}},"12":{"start":{"line":25,"column":20},"end":{"line":25,"column":64}},"13":{"start":{"line":29,"column":12},"end":{"line":34,"column":13}},"14":{"start":{"line":30,"column":16},"end":{"line":33,"column":18}},"15":{"start":{"line":36,"column":37},"end":{"line":36,"column":76}},"16":{"start":{"line":37,"column":29},"end":{"line":37,"column":64}},"17":{"start":{"line":39,"column":12},"end":{"line":44,"column":13}},"18":{"start":{"line":40,"column":16},"end":{"line":43,"column":18}},"19":{"start":{"line":46,"column":27},"end":{"line":46,"column":61}},"20":{"start":{"line":47,"column":30},"end":{"line":47,"column":77}},"21":{"start":{"line":49,"column":34},"end":{"line":54,"column":27}},"22":{"start":{"line":56,"column":12},"end":{"line":61,"column":13}},"23":{"start":{"line":57,"column":16},"end":{"line":60,"column":18}},"24":{"start":{"line":63,"column":12},"end":{"line":66,"column":14}},"25":{"start":{"line":68,"column":12},"end":{"line":68,"column":41}},"26":{"start":{"line":69,"column":12},"end":{"line":72,"column":14}}},"fnMap":{"0":{"name":"(anonymous_0)","decl":{"start":{"line":12,"column":13},"end":{"line":12,"column":14}},"loc":{"start":{"line":12,"column":41},"end":{"line":74,"column":5}},"line":12}},"branchMap":{"0":{"loc":{"start":{"line":19,"column":12},"end":{"line":27,"column":13}},"type":"if","locations":[{"start":{"line":19,"column":12},"end":{"line":27,"column":13}},{"start":{},"end":{}}],"line":19},"1":{"loc":{"start":{"line":19,"column":16},"end":{"line":19,"column":51}},"type":"binary-expr","locations":[{"start":{"line":19,"column":16},"end":{"line":19,"column":29}},{"start":{"line":19,"column":33},"end":{"line":19,"column":51}}],"line":19},"2":{"loc":{"start":{"line":29,"column":12},"end":{"line":34,"column":13}},"type":"if","locations":[{"start":{"line":29,"column":12},"end":{"line":34,"column":13}},{"start":{},"end":{}}],"line":29},"3":{"loc":{"start":{"line":39,"column":12},"end":{"line":44,"column":13}},"type":"if","locations":[{"start":{"line":39,"column":12},"end":{"line":44,"column":13}},{"start":{},"end":{}}],"line":39},"4":{"loc":{"start":{"line":39,"column":16},"end":{"line":39,"column":46}},"type":"binary-expr","locations":[{"start":{"line":39,"column":16},"end":{"line":39,"column":33}},{"start":{"line":39,"column":37},"end":{"line":39,"column":46}}],"line":39},"5":{"loc":{"start":{"line":56,"column":12},"end":{"line":61,"column":13}},"type":"if","locations":[{"start":{"line":56,"column":12},"end":{"line":61,"column":13}},{"start":{},"end":{}}],"line":56}},"s":{"0":1,"1":1,"2":1,"3":8,"4":8,"5":8,"6":0,"7":0,"8":0,"9":0,"10":0,"11":0,"12":0,"13":0,"14":0,"15":0,"16":0,"17":0,"18":0,"19":0,"20":0,"21":0,"22":0,"23":0,"24":0,"25":8,"26":8},"f":{"0":8},"b":{"0":[0,0],"1":[0,0],"2":[0,0],"3":[0,0],"4":[0,0],"5":[0,0]},"_coverageSchema":"1a1c01bbd47fc00a2c39e90264f33305004495a9","hash":"8e4527b888269d8ba61686665ee2f44801fe5452"}
,"/home/rmjoia/projects/codepalsio/api/src/functions/profileSave.js": {"path":"/home/rmjoia/projects/codepalsio/api/src/functions/profileSave.js","statementMap":{"0":{"start":{"line":1,"column":16},"end":{"line":1,"column":43}},"1":{"start":{"line":2,"column":25},"end":{"line":2,"column":49}},"2":{"start":{"line":8,"column":0},"end":{"line":80,"column":3}},"3":{"start":{"line":13,"column":8},"end":{"line":78,"column":9}},"4":{"start":{"line":14,"column":25},"end":{"line":14,"column":45}},"5":{"start":{"line":15,"column":102},"end":{"line":15,"column":106}},"6":{"start":{"line":17,"column":12},"end":{"line":22,"column":13}},"7":{"start":{"line":18,"column":16},"end":{"line":21,"column":18}},"8":{"start":{"line":25,"column":12},"end":{"line":30,"column":13}},"9":{"start":{"line":26,"column":16},"end":{"line":29,"column":18}},"10":{"start":{"line":32,"column":37},"end":{"line":32,"column":76}},"11":{"start":{"line":33,"column":29},"end":{"line":33,"column":64}},"12":{"start":{"line":35,"column":12},"end":{"line":40,"column":13}},"13":{"start":{"line":36,"column":16},"end":{"line":39,"column":18}},"14":{"start":{"line":42,"column":27},"end":{"line":42,"column":61}},"15":{"start":{"line":43,"column":30},"end":{"line":43,"column":77}},"16":{"start":{"line":45,"column":31},"end":{"line":56,"column":13}},"17":{"start":{"line":58,"column":12},"end":{"line":66,"column":13}},"18":{"start":{"line":59,"column":16},"end":{"line":59,"column":60}},"19":{"start":{"line":61,"column":16},"end":{"line":61,"column":73}},"20":{"start":{"line":64,"column":16},"end":{"line":64,"column":64}},"21":{"start":{"line":65,"column":16},"end":{"line":65,"column":57}},"22":{"start":{"line":68,"column":12},"end":{"line":71,"column":14}},"23":{"start":{"line":73,"column":12},"end":{"line":73,"column":41}},"24":{"start":{"line":74,"column":12},"end":{"line":77,"column":14}}},"fnMap":{"0":{"name":"(anonymous_0)","decl":{"start":{"line":12,"column":13},"end":{"line":12,"column":14}},"loc":{"start":{"line":12,"column":41},"end":{"line":79,"column":5}},"line":12}},"branchMap":{"0":{"loc":{"start":{"line":17,"column":12},"end":{"line":22,"column":13}},"type":"if","locations":[{"start":{"line":17,"column":12},"end":{"line":22,"column":13}},{"start":{},"end":{}}],"line":17},"1":{"loc":{"start":{"line":25,"column":12},"end":{"line":30,"column":13}},"type":"if","locations":[{"start":{"line":25,"column":12},"end":{"line":30,"column":13}},{"start":{},"end":{}}],"line":25},"2":{"loc":{"start":{"line":25,"column":16},"end":{"line":25,"column":60}},"type":"binary-expr","locations":[{"start":{"line":25,"column":16},"end":{"line":25,"column":19}},{"start":{"line":25,"column":24},"end":{"line":25,"column":39}},{"start":{"line":25,"column":43},"end":{"line":25,"column":59}}],"line":25},"3":{"loc":{"start":{"line":35,"column":12},"end":{"line":40,"column":13}},"type":"if","locations":[{"start":{"line":35,"column":12},"end":{"line":40,"column":13}},{"start":{},"end":{}}],"line":35},"4":{"loc":{"start":{"line":35,"column":16},"end":{"line":35,"column":46}},"type":"binary-expr","locations":[{"start":{"line":35,"column":16},"end":{"line":35,"column":33}},{"start":{"line":35,"column":37},"end":{"line":35,"column":46}}],"line":35},"5":{"loc":{"start":{"line":49,"column":21},"end":{"line":49,"column":30}},"type":"binary-expr","locations":[{"start":{"line":49,"column":21},"end":{"line":49,"column":24}},{"start":{"line":49,"column":28},"end":{"line":49,"column":30}}],"line":49},"6":{"loc":{"start":{"line":50,"column":24},"end":{"line":50,"column":36}},"type":"binary-expr","locations":[{"start":{"line":50,"column":24},"end":{"line":50,"column":30}},{"start":{"line":50,"column":34},"end":{"line":50,"column":36}}],"line":50},"7":{"loc":{"start":{"line":51,"column":27},"end":{"line":51,"column":42}},"type":"binary-expr","locations":[{"start":{"line":51,"column":27},"end":{"line":51,"column":36}},{"start":{"line":51,"column":40},"end":{"line":51,"column":42}}],"line":51},"8":{"loc":{"start":{"line":52,"column":26},"end":{"line":52,"column":40}},"type":"binary-expr","locations":[{"start":{"line":52,"column":26},"end":{"line":52,"column":34}},{"start":{"line":52,"column":38},"end":{"line":52,"column":40}}],"line":52},"9":{"loc":{"start":{"line":53,"column":26},"end":{"line":53,"column":40}},"type":"binary-expr","locations":[{"start":{"line":53,"column":26},"end":{"line":53,"column":34}},{"start":{"line":53,"column":38},"end":{"line":53,"column":40}}],"line":53},"10":{"loc":{"start":{"line":54,"column":30},"end":{"line":54,"column":54}},"type":"binary-expr","locations":[{"start":{"line":54,"column":30},"end":{"line":54,"column":42}},{"start":{"line":54,"column":46},"end":{"line":54,"column":54}}],"line":54}},"s":{"0":0,"1":0,"2":0,"3":0,"4":0,"5":0,"6":0,"7":0,"8":0,"9":0,"10":0,"11":0,"12":0,"13":0,"14":0,"15":0,"16":0,"17":0,"18":0,"19":0,"20":0,"21":0,"22":0,"23":0,"24":0},"f":{"0":0},"b":{"0":[0,0],"1":[0,0],"2":[0,0,0],"3":[0,0],"4":[0,0],"5":[0,0],"6":[0,0],"7":[0,0],"8":[0,0],"9":[0,0],"10":[0,0]}}
}
